<?xml version="1.0" encoding="UTF-8"?>
<!-- Generated by org.testng.reporters.JUnitReportReporter -->
<testsuite hostname="INDIA-PC" name="com.demo.git.DemoPrj" tests="1" failures="0" timestamp="21 Jan 2018 09:49:57 GMT" time="4.855" errors="0">
  <testcase name="f" time="4.855" classname="com.demo.git.DemoPrj"/>
</testsuite> <!-- com.demo.git.DemoPrj -->
